    1  passwd
    2  wget www.github.com
    3  open index.html
    4  help
    5  systemctl enable --now cockpit.socket
    6  N
    7  systemctl enable --now cockpick.socket
    8  systemctl enable --now cockpit.socket
    9  disconnect
   10  echo $SHELL
   11  echo "Hello"
   12  mkdir files
   13  pwd
   14  pwd files
   15  ls 
   16  cd files
   17  pwd
   18  clean
   19  clear
   20  pwd
   21  touch new.txt
   22  ls
   23  vi new.txt
   24  ls
   25  history
   26  exit
   27  pwd
   28  pwd
   29  wget www.github.com
   30  history > cmds.log
   31  cd
   32  git add cmds.log
   33  git clone https://github.com/mgouyersjsu/cs131
   34  git add cmds.log
   35  directory
   36  dir
   37  cd/cs131
   38  git init
   39  pwd
   40  git clone https://github.com/mgouyersjsu/cs131.git
   41  pwd cs131
   42  pwd
   43  cd matthewsp24
   44  cd cs131
   45  git add cmds.log
   46  pwd
   47  history > cmds.log
   48  wget www.github.com
   49  history > cmds.log
   50  pwd
   51  directory
   52  dir
   53  git add cmds.log
   54  dir
   55  pwd
   56  cd Worksheet1
   57  cd /mnt/scratch/FA23_CS131_Ashish/matthewsp24/cs131/Worksheet1
   58  cd /mnt/scratch/FA23_CS131_Ashish/matthewsp24/cs131
   59  mkdir worksheet1
   60  worksheet1/.gitkeep
   61  touch worksheet1/.gitkeep
   62  git add worksheet1/.gitkeep
   63  git commit -m "Creating Worksheet 1 directory in UNIX"
   64  git config --global matthewsjsu "Matthew Gouyer"
   65  git config --global matthew.gouyer@sjsu.edu "matthew.gouyer@sjsu.edu"
   66  git commit -m "Creating WS1 dir in unix"
   67  git config --global matthew.gouyer@sjsu.edu "matthew.gouyer@sjsu.edu"
   68  git config --global mgouyersjsu "Matthew Gouyer"
   69  history > cmds.log
   70  touch worksheet1/cmds.log
   71  git commit -m "Push history to worksheet1"
   72  --global
   73  git config --global matthew.gouyer@sjsu.edu "matthew.gouyer@sjsu.edu"
   74  git commit -m "Push history to worksheet1"
   75  pwd
   76  git pwd
   77  git rev -parse
   78  git rev-parse
   79  git status
   80  git restore --staged worksheet/.gitkeep
   81  git restore --staged worksheet1/.gitkeep
   82  git restore --staged cmds.log
   83  git add cmds.log
   84  rmdir
   85  git rmdir
   86  dir
   87  pwd
   88  git init
   89  git status
   90  pwd
   91  mkdir worksheet1
   92  ws1
   93  mkdir ws1
   94  touch ws1/cmds.log
   95  git commit -m "Add ws1 and push cmds.log"
   96  pwd
   97  cd /mnt/scratch/FA23_CS131_Ashish/matthewsp24/cs131/ws1
   98  dir
   99  touch ws1/.gitkeep
  100  touch ws1/cmds.log
  101  git status
  102  git restore --staged cmds.log
  103  git add ws1/cmds.log
  104  git push
  105  wget www.github.com
  106  git clone https://github.com/mgouyersjsu/cs131.git
  107  cd cs131
  108  mkdir Worksheet1
  109  history > cmds.log
  110  mv cmds.log Worksheet1/
  111  mv cmds.log Worksheet1
  112  git add Worksheet1/cmds.log
  113  cd Worksheet1
  114  history > cmds.log
  115  mkdir Worksheet1
  116  ls Worksheet1
  117  cd Worksheet1
  118  cd cs131/Worksheet1
  119  rm -r Worksheet1
  120  ls
  121  rm -r worksheet1
  122  rm -r ws1
  123  ls
  124  rm -r cmds.log
  125  ls
  126  rm -r cs131
  127  pwd
  128  mkdir Worksheet1
  129  history > cmds.log
  130  mv cmds.log Worksheet1/
  131  git add WorkSheet1/cmds.log
  132  git add WorkSheet1 cmds.log
  133  cd WorkSheet1
  134  cd Worksheet1
  135  history > cmds.log
  136  ls
  137  git add Worksheet1/cmds.log
  138  git add cmds.log
  139  git commit -m "Worksheet 1 add command history"
  140  git config --global matthew.gouyer@sjsu.edu "matthew.gouyer@sjsu.edu"
  141  git config --global mgouyersjsu "mgouyersjsu"
  142  git config --list
  143  git config --global user.name "mgouyersjsu"
  144  git config --global user.email "matthew.gouyer@sju.edu"
  145  history > cmds.log
  146  pws
  147  pwd
  148  ls
  149  git add Worksheet1/cmds.log
  150  cd cs131
  151  git add cmds.log
  152  git push origin master
  153  ls
  154  git add cmds.log
  155  git commit -m "Push cmds.log to cs131/Worksheet1"
  156  git push origin master
  157  git branch
  158  git add cmds.log
  159  git commit -m "Push cmds.log to Worksheet 1 try2"
  160  git push origin main
  161  remote: Support for password authentication was removed on August 13, 2021.
  162  remote: Please see https://docs.github.com/en/get-started/getting-started-with-git/about-remote-repositories#cloning-with-https-urls for information on currently recommended modes of authentication.
  163  fatal: Authentication failed for 'https://github.com/mgouyersjsu/cs131/'
  164  [matthewsp24@sjsu Worksheet1]$
  165  git add cmds.log
  166  git commit -m "Adding cmds.log to Worksheet1"
  167  git push origin main
  168  git add cmds.log
  169  git commit -m "Adding cmds.log to Worksheet1"
  170  git push
  171  git pull
  172  To https://github.com/mgouyersjsu/cs131
  173   ! [rejected]        main -> main (fetch first)
  174  error: failed to push some refs to 'https://github.com/mgouyersjsu/cs131'
  175  hint: Updates were rejected because the remote contains work that you do
  176  hint: not have locally. This is usually caused by another repository pushing
  177  hint: to the same ref. You may want to first integrate the remote changes
  178  hint: (e.g., 'git pull ...') before pushing again.
  179  hint: See the 'Note about fast-forwards' in 'git push --help' for details.
  180  git fetch origin
  181  git merge origin/main
  182  git status
  183  git merge --abort
  184  git status
  185  git add ../index.html
  186  git rm ../cmds.log
  187  git commit -m "Worksheet 1 start hopefully"
  188  git merge origin/main
  189  rm .git/.MERGE_MSG.swp
  190  git merge origin/main
  191  rm .git/.MERGE_MSG.swp
  192  git push origin main
  193  exit
  194  jobs
  195  [matthewsp24@sjsu Worksheet1]$ jobs
  196  [1]+  Stopped                 git pull
  197  [matthewsp24@sjsu Worksheet1]$
  198  exit
  199  wget https://raw.githubusercontent.com/khanchandaniashish/CS131/main/Global%20YouTube%20Statistics.csv
  200  grep -i 'United States' Global\ YouTube\ Statistics.csv > US_YouTubers.txt
  201  grep -i 'Music' Global\ YouTube\ Statistics.csv > Music_Category.txt
  202  wc -l Music_Category.txt > counts.txt
  203  wc -w Music_Category.txt >> counts.txt
  204  nano counts.txt
  205  history > cmds.log
  206  mkdir Worksheet2
  207  mv counts.txt cmds.log Worksheet2/
  208  git add Worksheet2/
  209  git commit -m "Add Worksheet2 Youtube Stats files and cmdhistory"
  210  git push origin main
  211  git commit -am "Save Worksheet 2 work"
  212  git pull orogin main
  213  git push origin main
  214  cd WorkSheet2
  215  ls
  216  cd cs131/Worksheet2
  217  cd cs131
  218  mkdir Worksheet2
  219  cd cs131/Worksheet2
  220  rm -r WorkSheet2
  221  cd 
  222  rm -r Worksheet2
  223  rm -r WorkSheet2
  224  cd WorkSheet1
  225  ls
  226  cd 131
  227  cd cs131
  228  ls
  229  cd cs131/Worksheet2
  230  cd Worksheet2
  231  wget https://raw.githubusercontent.com/khanchandaniashish/CS131/main/Global%20YouTube%20Statistics.csv
  232  grep -i 'United States' Global\ YouTube\ Statistics.csv > US_YouTubers.txt
  233  grep -i 'Music' Global\ YouTube\ Statistics.csv > Music_Category.txt
  234  wc -l Music_Category.txt > counts.txt
  235  wc -w Music_Category.txt >> counts.txt
  236  nano counts.txt
  237  ls
  238  history > cmds.log
